\BOOKMARK [0][-]{chapter.1}{\376\377\000L\000i\000m\000i\000t\000i}{}% 1
\BOOKMARK [1][-]{section.1.1}{\376\377\000I\000n\000t\000e\000r\000v\000a\000l\000l\000i\000\040\000i\000n\000\040\000R}{chapter.1}% 2
\BOOKMARK [2][-]{subsection.1.1.1}{\376\377\000I\000n\000t\000o\000r\000n\000i}{section.1.1}% 3
\BOOKMARK [2][-]{subsection.1.1.2}{\376\377\000I\000n\000s\000i\000e\000m\000i\000\040\000l\000i\000m\000i\000t\000a\000t\000i\000\040\000e\000\040\000i\000l\000l\000i\000m\000i\000t\000a\000t\000i\000,\000\040\000m\000a\000g\000g\000i\000o\000r\000a\000n\000t\000e\000,\000\040\000m\000i\000n\000o\000r\000a\000n\000t\000e\000,\000\040\000e\000s\000t\000r\000e\000m\000i\000,\000\040\000m\000a\000s\000s\000i\000m\000o\000,\000\040\000m\000i\000n\000i\000m\000o\000.}{section.1.1}% 4
\BOOKMARK [2][-]{subsection.1.1.3}{\376\377\000P\000u\000n\000t\000i\000\040\000d\000i\000\040\000a\000c\000c\000u\000m\000u\000l\000a\000z\000i\000o\000n\000e\000\040\000e\000\040\000p\000u\000n\000t\000i\000\040\000i\000s\000o\000l\000a\000t\000i}{section.1.1}% 5
\BOOKMARK [1][-]{section.1.2}{\376\377\000D\000e\000f\000i\000n\000i\000z\000i\000o\000n\000e\000\040\000d\000i\000\040\000l\000i\000m\000i\000t\000e}{chapter.1}% 6
\BOOKMARK [2][-]{subsection.1.2.1}{\376\377\000A\000s\000i\000n\000t\000o\000t\000i}{section.1.2}% 7
\BOOKMARK [1][-]{section.1.3}{\376\377\000C\000o\000n\000t\000i\000n\000u\000i\000t\000\340}{chapter.1}% 8
\BOOKMARK [1][-]{section.1.4}{\376\377\000P\000r\000i\000m\000i\000\040\000t\000e\000o\000r\000e\000m\000i\000\040\000s\000u\000i\000\040\000l\000i\000m\000i\000t\000i}{chapter.1}% 9
\BOOKMARK [2][-]{subsection.1.4.1}{\376\377\000T\000e\000o\000r\000e\000m\000a\000\040\000d\000i\000\040\000u\000n\000i\000c\000i\000t\000\340\000\040\000d\000e\000l\000\040\000l\000i\000m\000i\000t\000e}{section.1.4}% 10
\BOOKMARK [2][-]{subsection.1.4.2}{\376\377\000T\000e\000o\000r\000e\000m\000a\000\040\000d\000i\000\040\000p\000e\000r\000m\000a\000n\000e\000n\000z\000a\000\040\000d\000e\000l\000\040\000s\000e\000g\000n\000o}{section.1.4}% 11
\BOOKMARK [2][-]{subsection.1.4.3}{\376\377\000T\000e\000o\000r\000e\000m\000a\000\040\000d\000e\000l\000\040\000c\000o\000n\000f\000r\000o\000n\000t\000o\000\040\000\050\000o\000\040\000d\000e\000i\000\040\000d\000u\000e\000\040\000c\000a\000r\000a\000b\000i\000n\000i\000e\000r\000i\000\051}{section.1.4}% 12
\BOOKMARK [1][-]{section.1.5}{\376\377\000C\000a\000l\000c\000o\000l\000o\000\040\000d\000e\000i\000\040\000l\000i\000m\000i\000t\000i}{chapter.1}% 13
\BOOKMARK [2][-]{subsection.1.5.1}{\376\377\000F\000u\000n\000z\000i\000o\000n\000i\000\040\000c\000o\000n\000t\000i\000n\000u\000e\000\040\000e\000\040\000f\000u\000n\000z\000i\000o\000n\000i\000\040\000e\000l\000e\000m\000e\000n\000t\000a\000r\000i}{section.1.5}% 14
\BOOKMARK [2][-]{subsection.1.5.2}{\376\377\000A\000l\000g\000e\000b\000r\000a\000\040\000d\000e\000i\000\040\000l\000i\000m\000i\000t\000i}{section.1.5}% 15
\BOOKMARK [2][-]{subsection.1.5.3}{\376\377\000M\000e\000d\000i\000a\000n\000t\000e\000\040\000i\000l\000\040\000t\000e\000o\000r\000e\000m\000a\000\040\000d\000e\000l\000\040\000c\000o\000n\000f\000r\000o\000n\000t\000o}{section.1.5}% 16
\BOOKMARK [2][-]{subsection.1.5.4}{\376\377\000F\000o\000r\000m\000e\000\040\000d\000i\000\040\000i\000n\000d\000e\000c\000i\000s\000i\000o\000n\000e\000\040\000\050\000o\000\040\000f\000o\000r\000m\000e\000\040\000i\000n\000d\000e\000t\000e\000r\000m\000i\000n\000a\000t\000e\000\051}{section.1.5}% 17
\BOOKMARK [2][-]{subsection.1.5.5}{\376\377\000L\000i\000m\000i\000t\000i\000\040\000N\000o\000t\000e\000v\000o\000l\000i}{section.1.5}% 18
\BOOKMARK [1][-]{section.1.6}{\376\377\000L\000i\000m\000i\000t\000i\000\040\000e\000\040\000p\000a\000r\000a\000m\000e\000t\000r\000i}{chapter.1}% 19
\BOOKMARK [1][-]{section.1.7}{\376\377\000C\000o\000n\000t\000i\000n\000u\000i\000t\000\340\000\040\000e\000\040\000d\000i\000s\000c\000o\000n\000t\000i\000n\000u\000i\000t\000\340}{chapter.1}% 20
\BOOKMARK [2][-]{subsection.1.7.1}{\376\377\000D\000i\000s\000c\000o\000n\000t\000i\000n\000u\000i\000t\000\340\000\040\000d\000i\000\040\000p\000r\000i\000m\000a\000\040\000s\000p\000e\000c\000i\000e\000\040\000o\000\040\000d\000i\000\040\000s\000a\000l\000t\000o}{section.1.7}% 21
\BOOKMARK [2][-]{subsection.1.7.2}{\376\377\000D\000i\000s\000c\000o\000n\000t\000i\000n\000u\000i\000t\000\340\000\040\000d\000i\000\040\000s\000e\000c\000o\000n\000d\000a\000\040\000s\000p\000e\000c\000i\000e}{section.1.7}% 22
\BOOKMARK [2][-]{subsection.1.7.3}{\376\377\000D\000i\000s\000c\000o\000n\000t\000i\000n\000u\000i\000t\000\340\000\040\000d\000i\000\040\000t\000e\000r\000z\000a\000\040\000s\000p\000e\000c\000i\000e\000\040\000o\000\040\000e\000l\000i\000m\000i\000n\000a\000b\000i\000l\000i}{section.1.7}% 23
\BOOKMARK [2][-]{subsection.1.7.4}{\376\377\000C\000o\000n\000t\000i\000n\000u\000i\000t\000\340\000\040\000e\000\040\000f\000u\000n\000z\000i\000o\000n\000i\000\040\000i\000n\000v\000e\000r\000s\000e}{section.1.7}% 24
\BOOKMARK [1][-]{section.1.8}{\376\377\000T\000e\000o\000r\000e\000m\000i\000\040\000s\000u\000l\000l\000e\000\040\000f\000u\000n\000z\000i\000o\000n\000i\000\040\000c\000o\000n\000t\000i\000n\000u\000e}{chapter.1}% 25
\BOOKMARK [2][-]{subsection.1.8.1}{\376\377\000T\000e\000o\000r\000e\000m\000a\000\040\000d\000i\000\040\000W\000e\000i\000s\000t\000r\000a\000s\000s}{section.1.8}% 26
\BOOKMARK [2][-]{subsection.1.8.2}{\376\377\000T\000e\000o\000r\000e\000m\000a\000\040\000d\000e\000l\000l\000'\000e\000s\000i\000s\000t\000e\000n\000z\000a\000\040\000d\000e\000g\000l\000i\000\040\000z\000e\000r\000i\000\040\000\050\000o\000\040\000d\000i\000\040\000B\000o\000l\000z\000a\000n\000o\000\051}{section.1.8}% 27
\BOOKMARK [2][-]{subsection.1.8.3}{\376\377\000T\000e\000o\000r\000e\000m\000a\000\040\000d\000e\000i\000\040\000v\000a\000l\000o\000r\000i\000\040\000i\000n\000t\000e\000r\000m\000e\000d\000i\000\040\000\050\000o\000\040\000d\000i\000\040\000D\000a\000r\000b\000o\000u\000x\000\051}{section.1.8}% 28
\BOOKMARK [0][-]{chapter.2}{\376\377\000D\000e\000r\000i\000v\000a\000t\000e}{}% 29
\BOOKMARK [1][-]{section.2.1}{\376\377\000D\000e\000f\000i\000n\000i\000z\000i\000o\000n\000e}{chapter.2}% 30
\BOOKMARK [2][-]{subsection.2.1.1}{\376\377\000P\000r\000o\000b\000l\000e\000m\000a\000\040\000c\000l\000a\000s\000s\000i\000c\000o}{section.2.1}% 31
\BOOKMARK [2][-]{subsection.2.1.2}{\376\377\000C\000a\000l\000c\000o\000l\000o\000\040\000d\000e\000l\000l\000a\000\040\000d\000e\000r\000i\000v\000a\000t\000a\000\040\000m\000e\000d\000i\000a\000n\000t\000e\000\040\000d\000e\000f\000i\000n\000i\000z\000i\000o\000n\000e}{section.2.1}% 32
\BOOKMARK [1][-]{section.2.2}{\376\377\000D\000e\000r\000i\000v\000a\000t\000e\000\040\000f\000o\000n\000d\000a\000m\000e\000n\000t\000a\000l\000i}{chapter.2}% 33
\BOOKMARK [2][-]{subsection.2.2.1}{\376\377\000F\000u\000n\000z\000i\000o\000n\000e\000\040\000c\000o\000s\000t\000a\000n\000t\000e}{section.2.2}% 34
\BOOKMARK [2][-]{subsection.2.2.2}{\376\377\000F\000u\000n\000z\000i\000o\000n\000e\000\040\000i\000d\000e\000n\000t\000i\000t\000\340}{section.2.2}% 35
\BOOKMARK [2][-]{subsection.2.2.3}{\376\377\000F\000u\000n\000z\000i\000o\000n\000e\000\040\000p\000o\000t\000e\000n\000z\000a}{section.2.2}% 36
\BOOKMARK [2][-]{subsection.2.2.4}{\376\377\000F\000u\000n\000z\000i\000o\000n\000e\000\040\000s\000e\000n\000o}{section.2.2}% 37
\BOOKMARK [2][-]{subsection.2.2.5}{\376\377\000F\000u\000n\000z\000i\000o\000n\000e\000\040\000c\000o\000s\000e\000n\000o}{section.2.2}% 38
\BOOKMARK [2][-]{subsection.2.2.6}{\376\377\000F\000u\000n\000z\000i\000o\000n\000e\000\040\000e\000s\000p\000o\000n\000e\000n\000z\000i\000a\000l\000e}{section.2.2}% 39
\BOOKMARK [2][-]{subsection.2.2.7}{\376\377\000F\000u\000n\000z\000i\000o\000n\000e\000\040\000l\000o\000g\000a\000r\000i\000t\000m\000o}{section.2.2}% 40
\BOOKMARK [1][-]{section.2.3}{\376\377\000O\000p\000e\000r\000a\000z\000i\000o\000n\000i\000\040\000c\000o\000n\000\040\000l\000e\000\040\000d\000e\000r\000i\000v\000a\000t\000e}{chapter.2}% 41
\BOOKMARK [2][-]{subsection.2.3.1}{\376\377\000L\000i\000n\000e\000a\000r\000i\000t\000\340\000\040\000r\000i\000s\000p\000e\000t\000t\000o\000\040\000a\000l\000\040\000p\000r\000o\000d\000o\000t\000t\000o}{section.2.3}% 42
\BOOKMARK [2][-]{subsection.2.3.2}{\376\377\000L\000i\000n\000e\000a\000r\000i\000t\000\340\000\040\000r\000i\000s\000p\000e\000t\000t\000o\000\040\000a\000l\000l\000a\000\040\000s\000o\000m\000m\000a}{section.2.3}% 43
\BOOKMARK [2][-]{subsection.2.3.3}{\376\377\000D\000e\000r\000i\000v\000a\000t\000a\000\040\000d\000e\000l\000\040\000p\000r\000o\000d\000o\000t\000t\000o}{section.2.3}% 44
\BOOKMARK [2][-]{subsection.2.3.4}{\376\377\000D\000e\000r\000i\000v\000a\000t\000a\000\040\000d\000e\000l\000\040\000r\000a\000p\000p\000o\000r\000t\000o}{section.2.3}% 45
\BOOKMARK [2][-]{subsection.2.3.5}{\376\377\000D\000e\000r\000i\000v\000a\000t\000a\000\040\000d\000e\000l\000l\000a\000\040\000f\000u\000n\000z\000i\000o\000n\000e\000\040\000c\000o\000m\000p\000o\000s\000t\000a\000\040\000\050\000c\000h\000a\000i\000n\000\040\000r\000u\000l\000e\000\051}{section.2.3}% 46
\BOOKMARK [1][-]{section.2.4}{\376\377\000D\000e\000r\000i\000v\000a\000t\000e\000\040\000n\000o\000t\000e\000v\000o\000l\000i\000\040\000/\0002}{chapter.2}% 47
\BOOKMARK [2][-]{subsection.2.4.1}{\376\377\000F\000u\000n\000z\000i\000o\000n\000e\000\040\000t\000a\000n\000g\000e\000n\000t\000e}{section.2.4}% 48
\BOOKMARK [2][-]{subsection.2.4.2}{\376\377\000F\000u\000n\000z\000i\000o\000n\000e\000\040\000c\000o\000t\000a\000n\000g\000e\000n\000t\000e}{section.2.4}% 49
\BOOKMARK [1][-]{section.2.5}{\376\377\000L\000e\000g\000a\000m\000e\000\040\000t\000r\000a\000\040\000c\000o\000n\000t\000i\000n\000u\000i\000t\000\340\000\040\000e\000\040\000d\000e\000r\000i\000v\000a\000b\000i\000l\000i\000t\000\340}{chapter.2}% 50
\BOOKMARK [2][-]{subsection.2.5.1}{\376\377\000C\000o\000n\000t\000i\000n\000u\000i\000t\000\340\000\040\000d\000e\000l\000l\000e\000\040\000f\000u\000n\000z\000i\000o\000n\000i\000\040\000d\000e\000r\000i\000v\000a\000b\000i\000l\000i}{section.2.5}% 51
\BOOKMARK [2][-]{subsection.2.5.2}{\376\377\000S\000t\000u\000d\000i\000\040\000d\000i\000\040\000c\000o\000n\000t\000i\000n\000u\000i\000t\000\340\000\040\000e\000\040\000d\000e\000r\000i\000v\000a\000b\000i\000l\000i\000t\000\340}{section.2.5}% 52
\BOOKMARK [1][-]{section.2.6}{\376\377\000P\000u\000n\000t\000i\000\040\000d\000i\000\040\000n\000o\000n\000\040\000d\000e\000r\000i\000v\000a\000b\000i\000l\000i\000t\000\340}{chapter.2}% 53
\BOOKMARK [2][-]{subsection.2.6.1}{\376\377\000P\000u\000n\000t\000o\000\040\000a\000n\000g\000o\000l\000o\000s\000o}{section.2.6}% 54
\BOOKMARK [2][-]{subsection.2.6.2}{\376\377\000C\000u\000s\000p\000i\000d\000e}{section.2.6}% 55
\BOOKMARK [2][-]{subsection.2.6.3}{\376\377\000F\000l\000e\000s\000s\000o\000\040\000a\000\040\000t\000a\000n\000g\000e\000n\000t\000e\000\040\000v\000e\000r\000t\000i\000c\000a\000l\000e}{section.2.6}% 56
\BOOKMARK [2][-]{subsection.2.6.4}{\376\377\000P\000u\000n\000t\000o\000\040\000a\000\040\000t\000a\000n\000g\000e\000n\000t\000e\000\040\000v\000e\000r\000t\000i\000c\000a\000l\000e}{section.2.6}% 57
\BOOKMARK [1][-]{section.2.7}{\376\377\000C\000r\000i\000t\000e\000r\000i\000o\000\040\000d\000i\000\040\000d\000e\000r\000i\000v\000a\000b\000i\000l\000i\000t\000\340}{chapter.2}% 58
\BOOKMARK [1][-]{section.2.8}{\376\377\000O\000p\000e\000r\000a\000z\000i\000o\000n\000i\000\040\000c\000o\000n\000\040\000l\000e\000\040\000d\000e\000r\000i\000v\000a\000t\000e\000\040\000/\0002}{chapter.2}% 59
\BOOKMARK [2][-]{subsection.2.8.1}{\376\377\000D\000e\000r\000i\000v\000a\000t\000a\000\040\000d\000e\000l\000l\000a\000\040\000f\000u\000n\000z\000i\000o\000n\000e\000\040\000i\000n\000v\000e\000r\000s\000a}{section.2.8}% 60
\BOOKMARK [1][-]{section.2.9}{\376\377\000D\000e\000r\000i\000v\000a\000t\000e\000\040\000n\000o\000t\000e\000v\000o\000l\000i\000\040\000/\0003}{chapter.2}% 61
\BOOKMARK [2][-]{subsection.2.9.1}{\376\377\000F\000u\000n\000z\000i\000o\000n\000e\000\040\000a\000r\000c\000o\000s\000e\000n\000o}{section.2.9}% 62
\BOOKMARK [2][-]{subsection.2.9.2}{\376\377\000F\000u\000n\000z\000i\000o\000n\000e\000\040\000a\000r\000c\000o\000c\000o\000s\000e\000n\000o}{se