\BOOKMARK [1][-]{section.1}{\376\377\000D\000e\000f\000i\000n\000i\000z\000i\000o\000n\000e\000\040\000e\000\040\000c\000a\000r\000a\000t\000t\000e\000r\000i\000s\000t\000i\000c\000h\000e}{}% 1
\BOOKMARK [2][-]{subsection.1.1}{\376\377\000C\000l\000a\000s\000s\000i\000f\000i\000c\000a\000z\000i\000o\000n\000e}{section.1}% 2
\BOOKMARK [2][-]{subsection.1.2}{\376\377\000D\000o\000m\000i\000n\000i\000o}{section.1}% 3
\BOOKMARK [2][-]{subsection.1.3}{\376\377\000Z\000e\000r\000i\000\040\000d\000i\000\040\000f\000u\000n\000z\000i\000o\000n\000e}{section.1}% 4
\BOOKMARK [2][-]{subsection.1.4}{\376\377\000S\000t\000u\000d\000i\000o\000\040\000d\000e\000l\000\040\000s\000e\000g\000n\000o}{section.1}% 5
\BOOKMARK [1][-]{section.2}{\376\377\000P\000r\000o\000p\000r\000i\000e\000t\000\340}{}% 6
\BOOKMARK [2][-]{subsection.2.1}{\376\377\000F\000u\000n\000z\000i\000o\000n\000i\000\040\000i\000n\000i\000e\000t\000t\000i\000v\000e\000,\000\040\000s\000u\000r\000i\000e\000t\000t\000i\000v\000e\000\040\000e\000\040\000b\000i\000i\000e\000t\000t\000i\000v\000e}{section.2}% 7
\BOOKMARK [2][-]{subsection.2.2}{\376\377\000M\000o\000n\000o\000t\000o\000n\000i\000a}{section.2}% 8
\BOOKMARK [2][-]{subsection.2.3}{\376\377\000F\000u\000n\000z\000i\000o\000n\000i\000\040\000p\000e\000r\000i\000o\000d\000i\000c\000h\000e}{section.2}% 9
\BOOKMARK [2][-]{subsection.2.4}{\376\377\000F\000u\000n\000z\000i\000o\000n\000i\000\040\000p\000a\000r\000i\000\040\000e\000\040\000d\000i\000s\000p\000a\000r\000i}{section.2}% 10
\BOOKMARK [1][-]{section.3}{\376\377\000F\000u\000n\000z\000i\000o\000n\000i\000\040\000e\000l\000e\000m\000e\000n\000t\000a\000r\000i}{}% 11
\BOOKMARK [2][-]{subsection.3.1}{\376\377\000L\000a\000\040\000f\000u\000n\000z\000i\000o\000n\000e\000\040\000l\000i\000n\000e\000a\000r\000e}{section.3}% 12
\BOOKMARK [2][-]{subsection.3.2}{\376\377\000L\000a\000\040\000p\000a\000r\000a\000b\000o\000l\000a}{section.3}% 13
\BOOKMARK [2][-]{subsection.3.3}{\376\377\000L\000'\000i\000p\000e\000r\000b\000o\000l\000e\000\040\000e\000q\000u\000i\000l\000a\000t\000e\000r\000a\000\040\000e\000\040\000l\000a\000\040\000f\000u\000n\000z\000i\000o\000n\000e\000\040\000o\000m\000o\000g\000r\000a\000f\000i\000c\000a}{section.3}% 14
\BOOKMARK [2][-]{subsection.3.4}{\376\377\000L\000a\000\040\000f\000u\000n\000z\000i\000o\000n\000e\000\040\000i\000r\000r\000a\000z\000i\000o\000n\000a\000l\000e}{section.3}% 15
\BOOKMARK [2][-]{subsection.3.5}{\376\377\000L\000e\000\040\000f\000u\000n\000z\000i\000o\000n\000i\000\040\000g\000o\000n\000i\000o\000m\000e\000t\000r\000i\000c\000h\000e}{section.3}% 16
\BOOKMARK [3][-]{subsubsection.3.5.1}{\376\377\000L\000a\000\040\000f\000u\000n\000z\000i\000o\000n\000e\000\040\000s\000e\000n\000o}{subsection.3.5}% 17
\BOOKMARK [3][-]{subsubsection.3.5.2}{\376\377\000L\000a\000\040\000f\000u\000n\000z\000i\000o\000n\000e\000\040\000c\000o\000s\000e\000n\000o}{subsection.3.5}% 18
\BOOKMARK [3][-]{subsubsection.3.5.3}{\376\377\000L\000a\000\040\000f\000u\000n\000z\000i\000o\000n\000e\000\040\000t\000a\000n\000g\000e\000n\000t\000e}{subsection.3.5}% 19
\BOOKMARK [3][-]{subsubsection.3.5.4}{\376\377\000L\000a\000\040\000f\000u\000n\000z\000i\000o\000n\000e\000\040\000c\000o\000t\000a\000n\000g\000t\000e\000n\000t\000e}{subsection.3.5}% 20
\BOOKMARK [3][-]{subsubsection.3.5.5}{\376\377\000L\000a\000\040\000f\000u\000n\000z\000i\000o\000n\000e\000\040\000a\000r\000c\000o\000s\000e\000n\000o}{subsection.3.5}% 21
\BOOKMARK [3][-]{subsubsection.3.5.6}{\376\377\000L\000a\000\040\000f\000u\000n\000z\000i\000o\000n\000e\000\040\000a\000r\000c\000o\000c\000o\000s\000e\000n\000o}{subsection.3.5}% 22
\BOOKMARK [3][-]{subsubsection.3.5.7}{\376\377\000L\000a\000\040\000f\000u\000n\000z\000i\000o\000n\000e\000\040\000a\000r\000c\000o\000t\000a\000n\000g\000e\000n\000t\000e}{subsection.3.5}% 23
\BOOKMARK [2][-]{subsection.3.6}{\376\377\000L\000a\000\040\000f\000u\000n\000z\000i\000o\000n\000e\000\040\000e\000s\000p\000o\000n\000e\000n\000z\000i\000a\000l\000e}{section.3}% 24
\BOOKMARK [2][-]{subsection.3.7}{\376\377\000L\000a\000\040\000f\000u\000n\000z\000i\000o\000n\000e\000\040\000l\000o\000g\000a\000r\000i\000t\000m\000o}{section.3}% 25
\BOOKMARK [1][-]{section.4}{\376\377\000G\000r\000a\000f\000i\000c\000a\000\040\000d\000e\000d\000o\000t\000t\000a}{}% 26
\BOOKMARK [2][-]{subsection.4.1}{\376\377\000T\000r\000a\000s\000f\000o\000r\000m\000a\000z\000i\000o\000n\000i\000\040\000g\000e\000o\000m\000e\000t\000r\000i\000c\000h\000e}{section.4}% 27
\BOOKMARK [3][-]{subsubsection.4.1.1}{\376\377\000S\000i\000m\000m\000e\000t\000r\000i\000a\000\040\000r\000i\000s\000p\000e\000t\000t\000o\000\040\000a\000g\000l\000i\000\040\000a\000s\000s\000i}{subsection.4.1}% 28
\BOOKMARK [3][-]{subsubsection.4.1.2}{\376\377\000T\000r\000a\000s\000l\000a\000z\000i\000o\000n\000e}{subsection.4.1}% 29
\BOOKMARK [3][-]{subsubsection.4.1.3}{\376\377\000D\000i\000l\000a\000t\000a\000z\000i\000o\000n\000e}{subsection.4.1}% 30
\BOOKMARK [2][-]{subsection.4.2}{\376\377\000F\000u\000n\000z\000i\000o\000n\000e\000\040\000i\000n\000v\000e\000r\000s\000a}{section.4}% 31
\BOOKMARK [2][-]{subsection.4.3}{\376\377\000F\000u\000n\000z\000i\000o\000n\000i\000\040\000c\000o\000n\000\040\000v\000a\000l\000o\000r\000i\000\040\000a\000s\000s\000o\000l\000u\000t\000i}{section.4}% 32
\BOOKMARK [3][-]{subsubsection.4.3.1}{\376\377\000V\000a\000l\000o\000r\000e\000\040\000a\000s\000s\000o\000l\000u\000t\000o\000\040\000d\000i\000\040\000u\000n\000a\000\040\000f\000u\000n\000z\000i\000o\000n\000e}{subsection.4.3}% 33
\BOOKMARK [3][-]{subsubsection.4.3.2}{\376\377\000F\000u\000n\000z\000i\000o\000n\000e\000\040\000d\000i\000\040\000u\000n\000\040\000v\000a\000l\000o\000r\000e\000\040\000a\000s\000s\000o\000l\000u\000t\000o}{subsection.4.3}% 34
\BOOKMARK [3][-]{subsubsection.4.3.3}{\376\377\000F\000u\000n\000z\000i\000o\000n\000i\000\040\000c\000o\000n\000\040\000p\000i\000\371\000\040\000v\000a\000l\000o\000r\000i\000\040\000a\000s\000s\000o\000u\000t\000i\000\040\000n\000i\000d\000i\000f\000i\000c\000a\000t\000i}{subsection.4.3}% 35
\BOOKMARK [3][-]{subsubsection.4.3.4}{\376\377\000F\000u\000n\000z\000i\000o\000n\000i\000\040\000c\000o\000n\000\040\000p\000i\000\371\000\040\000v\000a\000l\000o\000r\000i\000\040\000a\000s\000s\000o\000l\000u\000t\000i\000\040\000i\000n\000\040\000s\000e\000q\000u\000e\000n\000z\000a}{subsection.4.3}% 36
\BOOKMARK [2][-]{subsection.4.4}{\376\377\000R\000e\000c\000i\000p\000r\000o\000c\000o\000\040\000d\000i\000\040\000u\000n\000a\000\040\000f\000u\000n\000z\000i\000o\000n\000e}{section.4}% 37
\BOOKMARK [2][-]{subsection.4.5}{\376\377\000Q\000u\000a\000d\000r\000a\000t\000o\000\040\000d\000i\000\040\000u\000n\000a\000\040\000f\000u\000n\000z\000i\000o\000n\000e}{section.4}% 38
\BOOKMARK [2][-]{subsection.4.6}{\376\377\000R\000a\000d\000i\000c\000e\000\040\000d\000i\000\040\000u\000n\000a\000\040\000f\000u\000n\000z\000i\000o\000n\000e}{section.4}% 39
\BOOKMARK [2][-]{subsection.4.7}{\376\377\000E\000s\000p\000o\000n\000e\000n\000z\000i\000a\000l\000e\000\040\000d\000i\000\040\000u\000n\000a\000\040\000f\000u\000n\000z\000i\000o\000n\000e}{section.4}% 40
\BOOKMARK [2][-]{subsection.4.8}{\376\377\000L\000o\000g\000a\000r\000i\000t\000m\000o\000\040\000d\000i\000\040\000u\000n\000a\000\040\000f\000u\000n\000z\000i\000o\000n\000e}{section.4}% 41
\BOOKMARK [1][-]{section.5}{\376\377\000S\000t\000u\000d\000i\000o\000\040\000d\000i\000\040\000f\000u\000n\000z\000i\000o\000n\000e\000\040\000c\000o\000m\000p\000l\000e\000t\000o}{}% 42
\BOOKMARK [2][-]{subsection.5.1}{\376\377\000C\000l\000a\000s\000s\000i\000f\000i\000c\000a\000z\000i\000o\000n\000e}{section.5}% 43
\BOOKMARK [2][-]{subsection.5.2}{\376\377\000D\000o\000m\000i\000n\000i\000o}{section.5}% 44
\BOOKMARK [2][-]{subsection.5.3}{\376\377\000S\000i\000m\000m\000e\000t\000r\000i\000e}{section.5}% 45
\BOOKMARK [2][-]{subsection.5.4}{\376\377\000I\000n\000t\000e\000r\000s\000e\000z\000i\000o\000n\000i\000\040\000c\000o\000n\000\040\000g\000l\000i\000\040\000a\000s\000s\000i\000\040\000c\000a\000r\000t\000e\000s\000i\000a\000n\000i}{section.5}% 46
\BOOKMARK [2][-]{subsection.5.5}{\376\377\000S\000t\000u\000d\000i\000o\000\040\000d\000e\000l\000\040\000s\000e\000g\000n\000o}{section.5}% 47
\BOOKMARK [2][-]{subsection.5.6}{\376\377\000L\000i\000m\000i\000t\000i\000,\000\040\000a\000s\000i\000n\000t\000o\000t\000i\000\040\000e\000\040\000d\000i\000s\000c\000o\000n\000t\000i\000n\000u\000i\000t\000\340}{section.5}% 48
\BOOKMARK [2][-]{subsection.5.7}{\376\377\000D\000e\000r\000i\000v\000a\000t\000a\000\040\000p\000r\000i\000m\000a}{section.5}% 49
\BOOKMARK [2][-]{subsection.5.8}{\376\377\000D\000e\000r\000i\000v\000a\000t\000a\000\040\000s\000e\000c\000o\000n\000d\000a}{section.5}% 50
