\BOOKMARK [1][-]{section.1}{\376\377\000C\000a\000l\000c\000o\000l\000o\000\040\000C\000o\000m\000b\000i\000n\000a\000t\000o\000r\000i\000o}{}% 1
\BOOKMARK [2][-]{subsection.1.1}{\376\377\000I\000l\000\040\000p\000r\000i\000n\000c\000i\000p\000i\000o\000\040\000m\000o\000l\000t\000i\000p\000l\000i\000c\000a\000t\000i\000v\000o}{section.1}% 2
\BOOKMARK [2][-]{subsection.1.2}{\376\377\000F\000u\000n\000z\000i\000o\000n\000e\000\040\000f\000a\000t\000t\000o\000r\000i\000a\000l\000e}{section.1}% 3
\BOOKMARK [2][-]{subsection.1.3}{\376\377\000P\000e\000r\000m\000u\000t\000a\000z\000i\000o\000n\000i}{section.1}% 4
\BOOKMARK [3][-]{subsubsection.1.3.1}{\376\377\000P\000e\000r\000m\000u\000t\000a\000z\000i\000o\000n\000i\000\040\000s\000e\000m\000p\000l\000i\000c\000i}{subsection.1.3}% 5
\BOOKMARK [3][-]{subsubsection.1.3.2}{\376\377\000P\000e\000r\000m\000u\000t\000a\000z\000i\000o\000n\000i\000\040\000c\000i\000r\000c\000o\000l\000a\000r\000i}{subsection.1.3}% 6
\BOOKMARK [3][-]{subsubsection.1.3.3}{\376\377\000P\000e\000r\000m\000u\000t\000a\000z\000i\000o\000n\000i\000\040\000c\000o\000n\000\040\000r\000i\000p\000e\000t\000i\000z\000i\000o\000n\000e}{subsection.1.3}% 7
\BOOKMARK [2][-]{subsection.1.4}{\376\377\000D\000i\000s\000p\000o\000s\000i\000z\000i\000o\000n\000i}{section.1}% 8
\BOOKMARK [3][-]{subsubsection.1.4.1}{\376\377\000D\000i\000s\000p\000o\000s\000i\000z\000i\000o\000n\000i\000\040\000s\000e\000m\000p\000l\000i\000c\000i}{subsection.1.4}% 9
\BOOKMARK [3][-]{subsubsection.1.4.2}{\376\377\000D\000i\000s\000p\000o\000s\000i\000z\000i\000o\000n\000i\000\040\000c\000i\000r\000c\000o\000l\000a\000r\000i}{subsection.1.4}% 10
\BOOKMARK [3][-]{subsubsection.1.4.3}{\376\377\000D\000i\000s\000p\000o\000s\000i\000z\000i\000o\000n\000i\000\040\000c\000o\000n\000\040\000r\000i\000p\000e\000t\000i\000z\000i\000o\000n\000e}{subsection.1.4}% 11
\BOOKMARK [2][-]{subsection.1.5}{\376\377\000C\000o\000e\000f\000f\000i\000c\000i\000e\000n\000t\000i\000\040\000B\000i\000n\000o\000m\000i\000a\000l\000i}{section.1}% 12
\BOOKMARK [2][-]{subsection.1.6}{\376\377\000C\000o\000m\000b\000i\000n\000a\000z\000i\000o\000n\000i}{section.1}% 13
\BOOKMARK [3][-]{subsubsection.1.6.1}{\376\377\000C\000o\000m\000b\000i\000n\000a\000z\000i\000o\000n\000i\000\040\000s\000e\000m\000p\000l\000i\000c\000i}{subsection.1.6}% 14
\BOOKMARK [3][-]{subsubsection.1.6.2}{\376\377\000C\000o\000m\000b\000i\000n\000a\000z\000i\000o\000n\000i\000\040\000c\000o\000n\000\040\000r\000i\000p\000e\000t\000i\000z\000i\000o\000n\000e}{subsection.1.6}% 15
\BOOKMARK [2][-]{subsection.1.7}{\376\377\000B\000i\000n\000o\000m\000i\000o\000\040\000d\000i\000\040\000N\000e\000w\000t\000o\000n}{section.1}% 16
\BOOKMARK [1][-]{section.2}{\376\377\000C\000a\000l\000c\000o\000l\000o\000\040\000d\000e\000l\000l\000e\000\040\000P\000r\000o\000b\000a\000b\000i\000l\000i\000t\000\340}{}% 17
\BOOKMARK [2][-]{subsection.2.1}{\376\377\000D\000e\000f\000i\000n\000i\000z\000i\000o\000n\000i}{section.2}% 18
\BOOKMARK [2][-]{subsection.2.2}{\376\377\000D\000e\000f\000i\000n\000i\000z\000i\000o\000n\000e\000\040\000c\000l\000a\000s\000s\000i\000c\000a\000\040\000d\000i\000\040\000p\000r\000o\000b\000a\000b\000i\000l\000i\000t\000\340}{section.2}% 19
\BOOKMARK [3][-]{subsubsection.2.2.1}{\376\377\000P\000r\000o\000b\000a\000b\000i\000l\000i\000t\000\340\000\040\000d\000e\000l\000l\000'\000e\000v\000e\000n\000t\000o\000\040\000c\000o\000n\000t\000r\000a\000r\000i\000o}{subsection.2.2}% 20
\BOOKMARK [3][-]{subsubsection.2.2.2}{\376\377\000P\000r\000o\000b\000a\000b\000i\000l\000i\000t\000\340\000\040\000e\000\040\000c\000a\000l\000c\000o\000l\000o\000\040\000c\000o\000m\000b\000i\000n\000a\000t\000o\000r\000i\000o}{subsection.2.2}% 21
\BOOKMARK [2][-]{subsection.2.3}{\376\377\000S\000o\000m\000m\000a\000\040\000l\000o\000g\000i\000c\000a\000\040\000d\000i\000\040\000e\000v\000e\000n\000t\000i}{section.2}% 22
\BOOKMARK [2][-]{subsection.2.4}{\376\377\000P\000r\000o\000b\000a\000b\000i\000l\000i\000t\000\340\000\040\000c\000o\000n\000d\000i\000z\000i\000o\000n\000a\000t\000a}{section.2}% 23
\BOOKMARK [2][-]{subsection.2.5}{\376\377\000P\000r\000o\000d\000o\000t\000t\000o\000\040\000l\000o\000g\000i\000c\000o\000\040\000d\000i\000\040\000e\000v\000e\000n\000t\000i}{section.2}% 24
\BOOKMARK [2][-]{subsection.2.6}{\376\377\000P\000r\000o\000b\000l\000e\000m\000a\000\040\000d\000e\000l\000l\000e\000\040\000p\000r\000o\000v\000e\000\040\000r\000i\000p\000e\000t\000u\000t\000e}{section.2}% 25
\BOOKMARK [2][-]{subsection.2.7}{\376\377\000F\000o\000r\000m\000u\000l\000a\000\040\000d\000i\000\040\000d\000i\000s\000i\000n\000t\000e\000g\000r\000a\000z\000i\000o\000n\000e\000\040\000e\000\040\000T\000e\000o\000r\000e\000m\000a\000\040\000d\000i\000\040\000B\000a\000y\000e\000s}{section.2}% 26
\BOOKMARK [3][-]{subsubsection.2.7.1}{\376\377\000P\000r\000o\000b\000a\000b\000i\000l\000i\000t\000\340\000\040\000t\000o\000t\000a\000l\000e\000\040\000o\000\040\000c\000o\000m\000p\000l\000e\000t\000a}{subsection.2.7}% 27
\BOOKMARK [3][-]{subsubsection.2.7.2}{\376\377\000T\000e\000o\000r\000e\000m\000a\000\040\000d\000i\000\040\000B\000a\000y\000e\000s}{subsection.2.7}% 28
\BOOKMARK [2][-]{subsection.2.8}{\376\377\000D\000e\000f\000i\000n\000i\000z\000i\000o\000n\000e\000\040\000s\000t\000a\000t\000i\000s\000t\000i\000c\000a\000\040\000\050\000o\000\040\000f\000r\000e\000q\000u\000e\000n\000t\000i\000s\000t\000a\000\051\000\040\000d\000e\000l\000l\000a\000\040\000p\000r\000o\000b\000a\000b\000i\000l\000i\000t\000\340}{section.2}% 29
\BOOKMARK [2][-]{subsection.2.9}{\376\377\000D\000e\000f\000i\000n\000i\000z\000i\000o\000n\000e\000\040\000s\000o\000g\000g\000e\000t\000t\000i\000v\000a\000\040\000d\000i\000\040\000p\000r\000o\000b\000a\000b\000i\000l\000i\000t\000\340}{section.2}% 30
\BOOKMARK [2][-]{subsection.2.10}{\376\377\000I\000m\000p\000o\000s\000t\000a\000z\000i\000o\000n\000e\000\040\000a\000s\000s\000i\000o\000m\000a\000t\000i\000c\000a\000\040\000d\000e\000l\000l\000a\000\040\000p\000r\000o\000b\000a\000b\000i\000l\000i\000t\000\340}{section.2}% 31
